00000001 -> 00000000 (96) - 00010111 (BC)
10100101 -> 00101001 (E5) - 00000011 (9B)
00100111 -> 00100000 (D6) - 00010011 (B7)
11001001 -> 00111011 (FB) - 00101101 (EA)
00001001 -> 00110000 (ED) - 00001110 (B2)
11010000 -> 00110110 (F5) - 00111001 (F9)
00011000 -> 00110010 (EF) - 00011011 (CB)
10100101 -> 00101111 (EC) - 00000000 (96)
00101011 -> 00100011 (DA) - 00000001 (97)
01001010 -> 00011000 (BD) - 00000001 (97)
01001010 -> 00000000 (96) - 00001101 (AF)
01001010 -> 00000000 (96) - 00001010 (AC)
01001010 -> 00000000 (96) - 00010101 (BA)
00001001 -> 00010000 (B4) - 00000010 (9A)
11000000 -> 00110010 (EF) - 00100111 (DE)
10000101 -> 00010001 (B5) - 00010000 (B4)
00111111 -> 00101110 (EB) - 00011011 (CB)
10101001 -> 00100101 (DC) - 00110001 (EE)
01011100 -> 00111101 (FD) - 00000011 (9B)
10000101 -> 00110110 (F5) - 00100000 (D6)
00111110 -> 00101110 (EB) - 00000000 (96)
00011000 -> 00001001 (AB) - 00101110 (EB)
10101101 -> 00101101 (EA) - 00001000 (A7)
11111110 -> 00010100 (B9) - 00000001 (97)
00001000 -> 00111101 (FD) - 00100011 (DA)
01101101 -> 00011001 (BE) - 00111100 (FC)
11111111 -> 00100100 (DB) - 00001101 (AF)
00001000 -> 00111101 (FD) - 00101010 (E6)
10001101 -> 00100001 (D7) - 00101111 (EC)
11111110 -> 00011100 (CD) - 00111010 (FA)
00001000 -> 00111101 (FD) - 00101001 (E5)
10101110 -> 00101001 (E5) - 00001011 (AD)
11111111 -> 00010100 (B9) - 00110000 (ED)
00001000 -> 00111101 (FD) - 00100000 (D6)
00110000 -> 00001110 (B2) - 00000110 (9F)
00010101 -> 00001001 (AB) - 00000111 (A6)
10111101 -> 00101010 (E6) - 00000101 (9E)
01001101 -> 00111100 (FC) - 00111101 (FD)
00001000 -> 00010001 (B5) - 00110001 (EE)
10000101 -> 00100011 (DA) - 00010001 (B5)
00111101 -> 00101110 (EB) - 00011010 (BF)
11001110 -> 00111100 (FC) - 00111010 (FA)
11111111 -> 00001100 (AE) - 00111000 (F7)
00001000 -> 00111101 (FD) - 00001001 (AB)
10101101 -> 00101001 (E5) - 00010001 (B5)
11111110 -> 00010100 (B9) - 00001101 (AF)
00001000 -> 00111101 (FD) - 00001100 (AE)
10000101 -> 00100011 (DA) - 00100000 (D6)
00100111 -> 00101000 (DF) - 00110000 (ED)
11001110 -> 00111010 (FA) - 00101110 (EB)
11111110 -> 00001100 (AE) - 00110110 (F5)
00001000 -> 00111101 (FD) - 00001100 (AE)
10100110 -> 00101011 (E7) - 00111101 (FD)
00101011 -> 00100011 (DA) - 00101000 (DF)
01101100 -> 00010001 (B5) - 00011101 (CE)
00111110 -> 00010100 (B9) - 00000000 (96)
00000000 -> 00001111 (B3) - 00100111 (DE)
11101110 -> 00111011 (FB) - 00001000 (A7)
11111110 -> 00000100 (9D) - 00001101 (AF)
00001000 -> 00111101 (FD) - 00101110 (EB)
11101110 -> 00111001 (F9) - 00001000 (A7)
11111110 -> 00000100 (9D) - 00000000 (96)
00001000 -> 00111101 (FD) - 00000000 (96)
00100000 -> 00001010 (AC) - 00000000 (96)
10001001 -> 00101010 (E6) - 00000000 (96)
11111110 -> 00011101 (CE) - 00000000 (96)
00100000 -> 00110111 (F6) - 00000000 (96)
10010011 -> 00101100 (E9) - 00000000 (96)
11111110 -> 00011011 (CB) - 00000000 (96)
00100000 -> 00110111 (F6) - 00000000 (96)
00101111 -> 00000011 (9B) - 00000000 (96)
11111011 -> 00110101 (F4) - 00000000 (96)
10100110 -> 00010111 (BC) - 00000000 (96)
00101011 -> 00100011 (DA) - 00000000 (96)
01101100 -> 00010001 (B5) - 00000000 (96)
11111101 -> 00100100 (DB) - 00000000 (96)
00001000 -> 00111101 (FD) - 00000000 (96)
00000000 -> 00000010 (9A) - 00000000 (96)
00001101 -> 00000011 (9B) - 00000000 (96)
00001011 -> 00000001 (97) - 00000000 (96)
00001001 -> 00000000 (96) - 00000000 (96)
00000111 -> 00000011 (9B) - 00000000 (96)
00000101 -> 00000000 (96) - 00000000 (96)
00000011 -> 00000001 (97) - 00000000 (96)
00000001 -> 00000000 (96) - 00000010 (9A)
00001110 -> 00000011 (9B) - 00000000 (96)
00001100 -> 00000000 (96) - 00000000 (96)
00001010 -> 00000001 (97) - 00000000 (96)
00001000 -> 00000000 (96) - 00000000 (96)
00000110 -> 00000011 (9B) - 00000000 (96)
00000100 -> 00000000 (96) - 00000000 (96)
00000010 -> 00000001 (97) - 00000000 (96)
00001111 -> 00000011 (9B) - 00000000 (96)
00000000 -> 00000011 (9B) - 00000000 (96)
00100000 -> 00001000 (A7) - 00000000 (96)
01100100 -> 00010001 (B5) - 00000000 (96)
00100111 -> 00010000 (B4) - 00000000 (96)
10110000 -> 00100101 (DC) - 00000000 (96)
00001000 -> 00101110 (EB) - 00000000 (96)
10101001 -> 00101000 (DF) - 00000000 (96)
00000000 -> 00101010 (E6) - 00000000 (96)
10101000 -> 00101010 (E6) - 00000000 (96)
10001101 -> 00001001 (AB) - 00000000 (96)
01011101 -> 00110100 (F3) - 00000000 (96)
00110110 -> 00011010 (BF) - 00000000 (96)
10010001 -> 00101001 (E5) - 00000000 (96)
01000000 -> 00110100 (F3) - 00000000 (96)
10101101 -> 00111011 (FB) - 00000000 (96)
11000101 -> 00011010 (BF) - 00000000 (96)
00110101 -> 00111100 (FC) - 00000000 (96)
01001100 -> 00011110 (CF) - 00000000 (96)
11010010 -> 00100111 (DE) - 00000000 (96)
00100110 -> 00111101 (FD) - 00000000 (96)
10101101 -> 00100010 (D9) - 00000000 (96)
01011101 -> 00111100 (FC) - 00000000 (96)
00110110 -> 00011010 (BF) - 00000000 (96)
11110000 -> 00110001 (EE) - 00000000 (96)
00001000 -> 00111110 (FE) - 00000000 (96)
11101110 -> 00111001 (F9) - 00000000 (96)
10111101 -> 00010100 (B9) - 00000000 (96)
00110101 -> 00100010 (D9) - 00000000 (96)
11010000 -> 00111001 (F9) - 00000000 (96)
00000011 -> 00110100 (F3) - 00000000 (96)
11101110 -> 00111011 (FB) - 00000000 (96)
10111110 -> 00010100 (B9) - 00000000 (96)
00110101 -> 00100010 (D9) - 00000000 (96)
10101001 -> 00100111 (DE) - 00000000 (96)
00000000 -> 00101010 (E6) - 00000000 (96)
10001101 -> 00100011 (DA) - 00000000 (96)
01011101 -> 00110100 (F3) - 00000000 (96)
00110110 -> 00011010 (BF) - 00000000 (96)
01001100 -> 00011110 (CF) - 00000000 (96)
10000100 -> 00110010 (EF) - 00000000 (96)
00111010 -> 00101111 (EC) - 00000000 (96)
10001101 -> 00101101 (EA) - 00000000 (96)
10111100 -> 00001100 (AE) - 00000000 (96)
00110101 -> 00100010 (D9) - 00000000 (96)
00100000 -> 00000101 (9E) - 00000000 (96)
10101000 -> 00100010 (D9) - 00000000 (96)
00100110 -> 00100011 (DA) - 00000000 (96)
00100000 -> 00000001 (97) - 00000000 (96)
11101010 -> 00110010 (EF) - 00000000 (96)
00100010 -> 00110010 (EF) - 00000000 (96)
01001100 -> 00011011 (CB) - 00000000 (96)
01111101 -> 00001100 (AE) - 00000000 (96)
00100010 -> 00010111 (BC) - 00000000 (96)
10100000 -> 00100000 (D6) - 00000000 (96)
00010011 -> 00101100 (E9) - 00000000 (96)
10110001 -> 00101000 (DF) - 00000000 (96)
01000010 -> 00111100 (FC) - 00000000 (96)
11010000 -> 00100100 (DB) - 00000000 (96)
00010100 -> 00110001 (EE) - 00000000 (96)
11001000 -> 00110111 (F6) - 00000000 (96)
11000000 -> 00000010 (9A) - 00000000 (96)
00010111 -> 00110101 (F4) - 00000000 (96)
11010000 -> 00110001 (EE) - 00000000 (96)
11110111 -> 00001001 (AB) - 00000000 (96)
10100000 -> 00010101 (BA) - 00000000 (96)
00011001 -> 00101110 (EB) - 00000000 (96)
10110001 -> 00101010 (E6) - 00000000 (96)
01000010 -> 00111100 (FC) - 00000000 (96)
10011001 -> 00110110 (F5) - 00000000 (96)
10100100 -> 00001111 (B3) - 00000000 (96)
00110101 -> 00100100 (DB) - 00000000 (96)
11001000 -> 00111111 (FF) - 00000000 (96)
11000000 -> 00000010 (9A) - 00000000 (96)
00011101 -> 00110111 (F6) - 00000000 (96)
11010000 -> 00110011 (F2) - 00000000 (96)
11110110 -> 00001001 (AB) - 00000000 (96)
01001100 -> 00101110 (EB) - 00000000 (96)
10111011 -> 00111101 (FD) - 00000000 (96)
00100110 -> 00100111 (DE) - 00000000 (96)
10100010 -> 00100001 (D7) - 00000000 (96)
11111111 -> 00010111 (BC) - 00000000 (96)
10001110 -> 00011100 (CD) - 00000000 (96)
01011101 -> 00110100 (F3) - 00000000 (96)
00110110 -> 00011010 (BF) - 00000000 (96)
11010000 -> 00111001 (F9) - 00000000 (96)
11110110 -> 00001001 (AB) - 00000000 (96)
00000000 -> 00111101 (FD) - 00000000 (96)
00000000 -> 00000000 (96) - 00000000 (96)
00000000 -> 00000000 (96) - 00000000 (96)
00000000 -> 00000000 (96) - 00000000 (96)
00000000 -> 00000000 (96) - 00000000 (96)
00000000 -> 00000000 (96) - 00000000 (96)
00000000 -> 00000000 (96) - 00000000 (96)
00000000 -> 00000000 (96) - 00000000 (96)
00000000 -> 00000000 (96) - 00000000 (96)
00000000 -> 00000000 (96) - 00000000 (96)
00000000 -> 00000000 (96) - 00000000 (96)
00000000 -> 00000000 (96) - 00000000 (96)
00000000 -> 00000000 (96) - 00000000 (96)
00000000 -> 00000000 (96) - 00000000 (96)
00000000 -> 00000000 (96) - 00000000 (96)
00000000 -> 00000000 (96) - 00000000 (96)
00000000 -> 00000000 (96) - 00000000 (96)
00000000 -> 00000000 (96) - 00000000 (96)
00000000 -> 00000000 (96) - 00000000 (96)
00000000 -> 00000000 (96) - 00000000 (96)
00000000 -> 00000000 (96) - 00000000 (96)
00000000 -> 00000000 (96) - 00000000 (96)
00000000 -> 00000000 (96) - 00000000 (96)
00000000 -> 00000000 (96) - 00000000 (96)
00000000 -> 00000000 (96) - 00000000 (96)
00000000 -> 00000000 (96) - 00000000 (96)
00000000 -> 00000000 (96) - 00000000 (96)
00000000 -> 00000000 (96) - 00000000 (96)
00000000 -> 00000000 (96) - 00000000 (96)
00000000 -> 00000000 (96) - 00000000 (96)
00000000 -> 00000000 (96) - 00000000 (96)
00000000 -> 00000000 (96) - 00000000 (96)
00000000 -> 00000000 (96) - 00000000 (96)
00000000 -> 00000000 (96) - 00000000 (96)
00000000 -> 00000000 (96) - 00000000 (96)
00000000 -> 00000000 (96) - 00000000 (96)
00000000 -> 00000000 (96) - 00000000 (96)
00000000 -> 00000000 (96) - 00000000 (96)
00000000 -> 00000000 (96) - 00000000 (96)
00000000 -> 00000000 (96) - 00000000 (96)
00000000 -> 00000000 (96) - 00000000 (96)
00000000 -> 00000000 (96) - 00000000 (96)
00000000 -> 00000000 (96) - 00000000 (96)
00000000 -> 00000000 (96) - 00000000 (96)
00000000 -> 00000000 (96) - 00000000 (96)
00000000 -> 00000000 (96) - 00000000 (96)
00000000 -> 00000000 (96) - 00000000 (96)
00000000 -> 00000000 (96) - 00000000 (96)
00000000 -> 00000000 (96) - 00000000 (96)
00000000 -> 00000000 (96) - 00000000 (96)
00000000 -> 00000000 (96) - 00000000 (96)
00000000 -> 00000000 (96) - 00000000 (96)
00000000 -> 00000000 (96) - 00000000 (96)
00000000 -> 00000000 (96) - 00000000 (96)
00000000 -> 00000000 (96) - 00000000 (96)
00000000 -> 00000000 (96) - 00000000 (96)
00000000 -> 00000000 (96) - 00000000 (96)
00000000 -> 00000000 (96) - 00000000 (96)
00000000 -> 00000000 (96) - 00000000 (96)
00000000 -> 00000000 (96) - 00000000 (96)
00000000 -> 00000000 (96) - 00000000 (96)
00000000 -> 00000000 (96) - 00000000 (96)
00000000 -> 00000000 (96) - 00000000 (96)
00000000 -> 00000000 (96) - 00000000 (96)
00000000 -> 00000000 (96) - 00000000 (96)
00000000 -> 00000000 (96) - 00000000 (96)
00000000 -> 00000000 (96) - 00000000 (96)
00000000 -> 00000000 (96) - 00000000 (96)
00000000 -> 00000000 (96) - 00000000 (96)
00000000 -> 00000000 (96) - 00000000 (96)
00000000 -> 00000000 (96) - 00000000 (96)
00000000 -> 00000000 (96) - 00000000 (96)
00000000 -> 00000000 (96) - 00000000 (96)
00000000 -> 00000000 (96) - 00000000 (96)
00000000 -> 00000000 (96) - 00000000 (96)
00110110 -> 00001101 (AF) - 00000000 (96)
